[debug] [2020-01-12T19:09:27.145Z] ----------------------------------------------------------------------
[debug] [2020-01-12T19:09:27.147Z] Command:       /usr/local/bin/firebase /home/pablo/.cache/firebase/tools/lib/node_modules/firebase-tools/lib/bin/firebase serve
[debug] [2020-01-12T19:09:27.148Z] CLI Version:   7.11.0
[debug] [2020-01-12T19:09:27.148Z] Platform:      linux
[debug] [2020-01-12T19:09:27.148Z] Node Version:  v10.17.0
[debug] [2020-01-12T19:09:27.148Z] Time:          Sun Jan 12 2020 19:09:27 GMT+0000 (Western European Standard Time)
[debug] [2020-01-12T19:09:27.148Z] ----------------------------------------------------------------------
[debug] [2020-01-12T19:09:27.148Z] 
[debug] [2020-01-12T19:09:27.156Z] > command requires scopes: ["email","openid","https://www.googleapis.com/auth/cloudplatformprojects.readonly","https://www.googleapis.com/auth/firebase","https://www.googleapis.com/auth/cloud-platform"]
[debug] [2020-01-12T19:09:27.156Z] > authorizing via signed-in user
[debug] [2020-01-12T19:09:27.156Z] [iam] checking project ar-hub-6c9e7 for permissions ["firebase.projects.get"]
[debug] [2020-01-12T19:09:27.158Z] >>> HTTP REQUEST POST https://cloudresourcemanager.googleapis.com/v1/projects/ar-hub-6c9e7:testIamPermissions  

[debug] [2020-01-12T19:09:28.068Z] <<< HTTP RESPONSE 200
[debug] [2020-01-12T19:09:28.070Z] >>> HTTP REQUEST GET https://firebase.googleapis.com/v1beta1/projects/ar-hub-6c9e7  
 
[debug] [2020-01-12T19:09:28.423Z] <<< HTTP RESPONSE 200
[info] 
[info] === Serving from '/home/pablo/Programacion/Web/AR-HUB'...
[info] 
[debug] [2020-01-12T19:09:28.432Z] >>> HTTP REQUEST GET https://firebase.googleapis.com/v1beta1/projects/ar-hub-6c9e7/webApps/-/config  
 
[warn] ⚠  Your requested "node" version "8" doesn't match your global version "10"
[info] ✔  functions: Emulator started at http://localhost:5001
[debug] [2020-01-12T19:09:29.131Z] <<< HTTP RESPONSE 200
[info] i  functions: Watching "/home/pablo/Programacion/Web/AR-HUB/functions" for Cloud Functions...
[debug] [2020-01-12T19:09:29.173Z] [worker-pool] addWorker(~diagnostic~)
[debug] [2020-01-12T19:09:29.173Z] [worker-pool] Adding worker with key ~diagnostic~, total=1
[debug] [2020-01-12T19:09:29.173Z] [worker-pool] submitWork(triggerId=)
[debug] [2020-01-12T19:09:29.174Z] [worker-~diagnostic~-134deea8-9846-4ffc-ae5d-b16c942eb846]: Assigning socketPath: /tmp/fire_emu_24616.sock
[debug] [2020-01-12T19:09:29.174Z] [worker-~diagnostic~-134deea8-9846-4ffc-ae5d-b16c942eb846]: BUSY
[info] i  hosting: Serving hosting files from: src
[info] ✔  hosting: Local server: http://localhost:5000
[debug] [2020-01-12T19:09:29.653Z] [runtime-status] [24616] Functions runtime initialized. {"cwd":"/home/pablo/Programacion/Web/AR-HUB/functions","node_version":"10.17.0"}
[debug] [2020-01-12T19:09:29.655Z] [runtime-status] [24616] Disabled runtime features: {"functions_config_helper":true,"network_filtering":true,"timeout":true,"memory_limiting":true,"admin_stubs":true,"pubsub_emulator":true}
[warn] ⚠  The Cloud Functions emulator requires the module "firebase-admin" to be installed. This package is in your package.json, but it's not available. You probably need to run "npm install" in your functions directory.
[info] i  functions: Your functions could not be parsed due to an issue with your node_modules (see above)
[debug] [2020-01-12T19:09:29.678Z] [worker-~diagnostic~-134deea8-9846-4ffc-ae5d-b16c942eb846]: exited
[debug] [2020-01-12T19:09:29.678Z] [worker-~diagnostic~-134deea8-9846-4ffc-ae5d-b16c942eb846]: FINISHED
