[debug] [2020-01-15T19:23:05.178Z] ----------------------------------------------------------------------
[debug] [2020-01-15T19:23:05.180Z] Command:       /usr/local/bin/firebase /home/pablo/.cache/firebase/tools/lib/node_modules/firebase-tools/lib/bin/firebase serve
[debug] [2020-01-15T19:23:05.180Z] CLI Version:   7.11.0
[debug] [2020-01-15T19:23:05.180Z] Platform:      linux
[debug] [2020-01-15T19:23:05.180Z] Node Version:  v10.17.0
[debug] [2020-01-15T19:23:05.181Z] Time:          Wed Jan 15 2020 19:23:05 GMT+0000 (Western European Standard Time)
[debug] [2020-01-15T19:23:05.181Z] ----------------------------------------------------------------------
[debug] [2020-01-15T19:23:05.181Z] 
[debug] [2020-01-15T19:23:05.189Z] > command requires scopes: ["email","openid","https://www.googleapis.com/auth/cloudplatformprojects.readonly","https://www.googleapis.com/auth/firebase","https://www.googleapis.com/auth/cloud-platform"]
[debug] [2020-01-15T19:23:05.189Z] > authorizing via signed-in user
[debug] [2020-01-15T19:23:05.189Z] [iam] checking project ar-hub-6c9e7 for permissions ["firebase.projects.get"]
[debug] [2020-01-15T19:23:05.191Z] >>> HTTP REQUEST POST https://cloudresourcemanager.googleapis.com/v1/projects/ar-hub-6c9e7:testIamPermissions  

[debug] [2020-01-15T19:23:06.097Z] <<< HTTP RESPONSE 200
[debug] [2020-01-15T19:23:06.100Z] >>> HTTP REQUEST GET https://firebase.googleapis.com/v1beta1/projects/ar-hub-6c9e7  
 
[debug] [2020-01-15T19:23:06.464Z] <<< HTTP RESPONSE 200
[info] 
[info] === Serving from '/home/pablo/Programacion/Web/AR-HUB'...
[info] 
[debug] [2020-01-15T19:23:06.472Z] >>> HTTP REQUEST GET https://firebase.googleapis.com/v1beta1/projects/ar-hub-6c9e7/webApps/-/config  
 
[warn] ⚠  Your requested "node" version "8" doesn't match your global version "10"
[info] ✔  functions: Emulator started at http://localhost:5001
[debug] [2020-01-15T19:23:07.156Z] <<< HTTP RESPONSE 200
[info] i  functions: Watching "/home/pablo/Programacion/Web/AR-HUB/functions" for Cloud Functions...
[debug] [2020-01-15T19:23:07.191Z] [worker-pool] addWorker(~diagnostic~)
[debug] [2020-01-15T19:23:07.192Z] [worker-pool] Adding worker with key ~diagnostic~, total=1
[debug] [2020-01-15T19:23:07.192Z] [worker-pool] submitWork(triggerId=)
[debug] [2020-01-15T19:23:07.193Z] [worker-~diagnostic~-48fd7e82-b2fa-4e29-98a0-e4b53484451e]: Assigning socketPath: /tmp/fire_emu_5633.sock
[debug] [2020-01-15T19:23:07.193Z] [worker-~diagnostic~-48fd7e82-b2fa-4e29-98a0-e4b53484451e]: BUSY
[info] i  hosting: Serving hosting files from: src
[info] ✔  hosting: Local server: http://localhost:5000
[debug] [2020-01-15T19:23:07.680Z] [runtime-status] [5633] Functions runtime initialized. {"cwd":"/home/pablo/Programacion/Web/AR-HUB/functions","node_version":"10.17.0"}
[debug] [2020-01-15T19:23:07.682Z] [runtime-status] [5633] Disabled runtime features: {"functions_config_helper":true,"network_filtering":true,"timeout":true,"memory_limiting":true,"admin_stubs":true,"pubsub_emulator":true}
[warn] ⚠  The Cloud Functions emulator requires the module "firebase-admin" to be installed. This package is in your package.json, but it's not available. You probably need to run "npm install" in your functions directory.
[info] i  functions: Your functions could not be parsed due to an issue with your node_modules (see above)
[debug] [2020-01-15T19:23:07.705Z] [worker-~diagnostic~-48fd7e82-b2fa-4e29-98a0-e4b53484451e]: exited
[debug] [2020-01-15T19:23:07.705Z] [worker-~diagnostic~-48fd7e82-b2fa-4e29-98a0-e4b53484451e]: FINISHED
